#
# A fatal error has been detected by the Java Runtime Environment:
#
#  SIGSEGV (0xb) at pc=0x0000000102d387f4, pid=5158, tid=19203
#
# JRE version: Java(TM) SE Runtime Environment (7.0_79-b15) (build 1.7.0_79-b15)
# Java VM: Java HotSpot(TM) 64-Bit Server VM (24.79-b02 mixed mode bsd-amd64 compressed oops)
# Problematic frame:
# V  [libjvm.dylib+0x3387f4]  jvmti_IsMethodSynthetic+0xb9
#
# Failed to write core dump. Core dumps have been disabled. To enable core dumping, try "ulimit -c unlimited" before starting Java again
#
# If you would like to submit a bug report, please visit:
#   http://bugreport.java.com/bugreport/crash.jsp
#

---------------  T H R E A D  ---------------

Current thread (0x00007f9e7400e800):  JavaThread "JDWP Transport Listener: dt_socket" daemon [_thread_in_vm, id=19203, stack(0x0000700010d58000,0x0000700010e58000)]

siginfo:si_signo=SIGSEGV: si_errno=0, si_code=1 (SEGV_MAPERR), si_addr=0x00007f9e00000002

Registers:
RAX=0x0000000000000001, RBX=0x0000700010e57a8b, RCX=0x0000000000000000, RDX=0x0000700010e57a8b
RSP=0x0000700010e579f0, RBP=0x0000700010e57a40, RSI=0x00007f9e7400e800, RDI=0x00007f9e70600e10
R8 =0x0000000000000018, R9 =0x0000000000000000, R10=0x0000000000000001, R11=0x0000000000000019
R12=0x00007f9e7400e800, R13=0x00007f9e00000002, R14=0x00007f9e00000002, R15=0x00007f9e70600e10
RIP=0x0000000102d387f4, EFLAGS=0x0000000000010202, ERR=0x0000000000000004
  TRAPNO=0x000000000000000e

Top of Stack: (sp=0x0000700010e579f0)
0x0000700010e579f0:   00007f9e7400e800 0000000000000000
0x0000700010e57a00:   0000000000000000 0000000000000000
0x0000700010e57a10:   00007f9e7400e800 00007f9e7400e800
0x0000700010e57a20:   0000700010e57a8b 0000700010e57a90
0x0000700010e57a30:   00007f9e00000002 0000000000000002
0x0000700010e57a40:   0000700010e57a60 00000001019311a8
0x0000700010e57a50:   0000000000000001 0000700010e57b08
0x0000700010e57a60:   0000700010e57ad0 0000000101915fbb
0x0000700010e57a70:   0000700010e57aa0 00007f9e7040c040
0x0000700010e57a80:   0000000300000032 0000000a00e57b08
0x0000700010e57a90:   0000000000000000 0000000000000000
0x0000700010e57aa0:   0000000000000000 0000700010e57c90
0x0000700010e57ab0:   0000000101938dc2 00007f9e7040c300
0x0000700010e57ac0:   0000700010e57b08 0000000101944588
0x0000700010e57ad0:   0000700010e57ae0 00000001019160b4
0x0000700010e57ae0:   0000700010e57d00 000000010191f642
0x0000700010e57af0:   0000247f00000013 00000000000f0200
0x0000700010e57b00:   00007f9e704066c0 0000700010e57bad
0x0000700010e57b10:   00007f9e000000d7 0000700010e57b20
0x0000700010e57b20:   00007f9e00000055 0000700010e57b58
0x0000700010e57b30:   0000000000000000 0000000000000000
0x0000700010e57b40:   0000247f0000000f 00007f9e0000cc80
0x0000700010e57b50:   0000700010e57b58 9e7f000003000000
0x0000700010e57b60:   0600000080627070 00003e74696e693c
0x0000700010e57b70:   0000005629280300 7f00000100000000
0x0000700010e57b80:   00000038c752709e 6f54746e756f6311
0x0000700010e57b90:   746f5670556c6174 4928070000007365
0x0000700010e57ba0:   0000004929495b49 65656e0a00000000
0x0000700010e57bb0:   3d7475706e692064 735b5d65736c6166
0x0000700010e57bc0:   6c6320656372756f 6c61663d6465736f
0x0000700010e57bd0:   70696b735b5d6573 736c61663d646570
0x0000700010e57be0:   70756f72675b5d65 7461726170657320 

Instructions: (pc=0x0000000102d387f4)
0x0000000102d387d4:   00 00 00 41 f6 87 68 01 00 00 10 75 07 b8 63 00
0x0000000102d387e4:   00 00 eb 7a 4d 85 f6 75 07 b8 17 00 00 00 eb 6e
0x0000000102d387f4:   4d 8b 36 48 b8 fe fe fe fe fe fe fe fe 49 39 c6
0x0000000102d38804:   74 e7 4d 85 f6 74 e2 48 8d 05 fe 6b 4d 00 80 38 

Register to memory mapping:

RAX=0x0000000000000001 is an unknown value
RBX=0x0000700010e57a8b is pointing into the stack for thread: 0x00007f9e7400e800
RCX=0x0000000000000000 is an unknown value
RDX=0x0000700010e57a8b is pointing into the stack for thread: 0x00007f9e7400e800
RSP=0x0000700010e579f0 is pointing into the stack for thread: 0x00007f9e7400e800
RBP=0x0000700010e57a40 is pointing into the stack for thread: 0x00007f9e7400e800
RSI=0x00007f9e7400e800 is a thread
RDI=0x00007f9e70600e10 is an unknown value
R8 =0x0000000000000018 is an unknown value
R9 =0x0000000000000000 is an unknown value
R10=0x0000000000000001 is an unknown value
R11=0x0000000000000019 is an unknown value
R12=0x00007f9e7400e800 is a thread
R13=0x00007f9e00000002 is an unknown value
R14=0x00007f9e00000002 is an unknown value
R15=0x00007f9e70600e10 is an unknown value


Stack: [0x0000700010d58000,0x0000700010e58000],  sp=0x0000700010e579f0,  free space=1022k
Native frames: (J=compiled Java code, j=interpreted, Vv=VM code, C=native code)
V  [libjvm.dylib+0x3387f4]  jvmti_IsMethodSynthetic+0xb9
C  [libjdwp.dylib+0x201a8]  isMethodSynthetic+0x63
C  [libjdwp.dylib+0x4fbb]  methods1+0x10b
C  [libjdwp.dylib+0x50b4]  methodsWithGeneric+0xe
C  [libjdwp.dylib+0xe642]  debugLoop_run+0x1ce
C  [libjdwp.dylib+0x1f0e2]  attachThread+0x4d
V  [libjvm.dylib+0x37945a]  JvmtiAgentThread::call_start_function()+0x38
V  [libjvm.dylib+0x4f759d]  JavaThread::thread_main_inner()+0x9b
V  [libjvm.dylib+0x4f8ca5]  JavaThread::run()+0x1a3
V  [libjvm.dylib+0x421c4e]  java_start(Thread*)+0x126
C  [libsystem_pthread.dylib+0x393b]  _pthread_body+0xb4
C  [libsystem_pthread.dylib+0x3887]  _pthread_body+0x0
C  [libsystem_pthread.dylib+0x308d]  thread_start+0xd


---------------  P R O C E S S  ---------------

Java Threads: ( => current thread )
  0x00007f9e7101f800 JavaThread "Service Thread" daemon [_thread_blocked, id=21763, stack(0x0000700011267000,0x0000700011367000)]
  0x00007f9e7303e800 JavaThread "C2 CompilerThread1" daemon [_thread_blocked, id=21251, stack(0x0000700011164000,0x0000700011264000)]
  0x00007f9e7303d000 JavaThread "C2 CompilerThread0" daemon [_thread_blocked, id=20739, stack(0x0000700011061000,0x0000700011161000)]
  0x00007f9e7400f800 JavaThread "JDWP Command Reader" daemon [_thread_in_native, id=20227, stack(0x0000700010f5e000,0x000070001105e000)]
  0x00007f9e74803000 JavaThread "JDWP Event Helper Thread" daemon [_thread_blocked, id=19715, stack(0x0000700010e5b000,0x0000700010f5b000)]
=>0x00007f9e7400e800 JavaThread "JDWP Transport Listener: dt_socket" daemon [_thread_in_vm, id=19203, stack(0x0000700010d58000,0x0000700010e58000)]
  0x00007f9e7400a000 JavaThread "Signal Dispatcher" daemon [_thread_blocked, id=18691, stack(0x0000700010c55000,0x0000700010d55000)]
  0x00007f9e73808000 JavaThread "Finalizer" daemon [_thread_blocked, id=14595, stack(0x0000700010b52000,0x0000700010c52000)]
  0x00007f9e73807000 JavaThread "Reference Handler" daemon [_thread_blocked, id=14083, stack(0x0000700010a4f000,0x0000700010b4f000)]
  0x00007f9e72003800 JavaThread "main" [_thread_in_native, id=7171, stack(0x0000700010031000,0x0000700010131000)]

Other Threads:
  0x00007f9e73804800 VMThread [stack: 0x000070001094c000,0x0000700010a4c000] [id=13571]
  0x00007f9e71028800 WatcherThread [stack: 0x000070001136a000,0x000070001146a000] [id=22275]

VM state:not at safepoint (normal execution)

VM Mutex/Monitor currently owned by a thread: None

Heap
 PSYoungGen      total 76800K, used 3963K [0x00000007aaa80000, 0x00000007b0000000, 0x0000000800000000)
  eden space 66048K, 6% used [0x00000007aaa80000,0x00000007aae5ec80,0x00000007aeb00000)
  from space 10752K, 0% used [0x00000007af580000,0x00000007af580000,0x00000007b0000000)
  to   space 10752K, 0% used [0x00000007aeb00000,0x00000007aeb00000,0x00000007af580000)
 ParOldGen       total 174592K, used 0K [0x0000000700000000, 0x000000070aa80000, 0x00000007aaa80000)
  object space 174592K, 0% used [0x0000000700000000,0x0000000700000000,0x000000070aa80000)
 PSPermGen       total 21504K, used 3234K [0x00000006fae00000, 0x00000006fc300000, 0x0000000700000000)
  object space 21504K, 15% used [0x00000006fae00000,0x00000006fb128a70,0x00000006fc300000)

Card table byte_map: [0x0000000106523000,0x0000000106d4d000] byte_map_base: 0x0000000102d4c000

Polling page: 0x0000000101910000

Code Cache  [0x0000000103463000, 0x00000001036d3000, 0x0000000106463000)
 total_blobs=188 nmethods=6 adapters=145 free_code_cache=48759Kb largest_free_block=49918144

Compilation events (10 events):
Event: 0.119 Thread 0x00007f9e7303e800    2 %           java.lang.String::indexOf @ 37 (70 bytes)
Event: 0.123 Thread 0x00007f9e7303e800 nmethod 2% 0x00000001034c4290 code [0x00000001034c43e0, 0x00000001034c4698]
Event: 0.123 Thread 0x00007f9e7303d000    3             java.lang.String::indexOf (70 bytes)
Event: 0.124 Thread 0x00007f9e7303e800    4             sun.nio.cs.UTF_8$Encoder::encode (361 bytes)
Event: 0.128 Thread 0x00007f9e7303d000 nmethod 3 0x00000001034c3e10 code [0x00000001034c3f60, 0x00000001034c4188]
Event: 0.128 Thread 0x00007f9e7303d000    5             java.lang.String::charAt (29 bytes)
Event: 0.128 Thread 0x00007f9e7303d000 nmethod 5 0x00000001034c3ad0 code [0x00000001034c3c20, 0x00000001034c3d18]
Event: 0.135 Thread 0x00007f9e7303e800 nmethod 4 0x00000001034c5490 code [0x00000001034c5620, 0x00000001034c5d08]
Event: 5.688 Thread 0x00007f9e7303d000    6             java.io.UnixFileSystem::normalize (75 bytes)
Event: 5.691 Thread 0x00007f9e7303d000 nmethod 6 0x00000001034c4c50 code [0x00000001034c4dc0, 0x00000001034c5098]

GC Heap History (0 events):
No events

Deoptimization events (0 events):
No events

Internal exceptions (7 events):
Event: 0.034 Thread 0x00007f9e72003800 Threw 0x00000007aaa8f4f8 at /HUDSON/workspace/7u-2-build-macosx-x86_64/jdk7u79/2331/hotspot/src/share/vm/prims/jni.cpp:3991
Event: 0.116 Thread 0x00007f9e72003800 Threw 0x00000007aaaec8b0 at /HUDSON/workspace/7u-2-build-macosx-x86_64/jdk7u79/2331/hotspot/src/share/vm/prims/jvm.cpp:1304
Event: 0.133 Thread 0x00007f9e72003800 Threw 0x00000007aab0e260 at /HUDSON/workspace/7u-2-build-macosx-x86_64/jdk7u79/2331/hotspot/src/share/vm/prims/jvm.cpp:1304
Event: 5.690 Thread 0x00007f9e72003800 Threw 0x00000007aab2d610 at /HUDSON/workspace/7u-2-build-macosx-x86_64/jdk7u79/2331/hotspot/src/share/vm/prims/jvm.cpp:1304
Event: 5.690 Thread 0x00007f9e72003800 Threw 0x00000007aab2d738 at /HUDSON/workspace/7u-2-build-macosx-x86_64/jdk7u79/2331/hotspot/src/share/vm/prims/jvm.cpp:1304
Event: 5.690 Thread 0x00007f9e72003800 Threw 0x00000007aab30808 at /HUDSON/workspace/7u-2-build-macosx-x86_64/jdk7u79/2331/hotspot/src/share/vm/prims/jvm.cpp:1304
Event: 5.690 Thread 0x00007f9e72003800 Threw 0x00000007aab30930 at /HUDSON/workspace/7u-2-build-macosx-x86_64/jdk7u79/2331/hotspot/src/share/vm/prims/jvm.cpp:1304

Events (10 events):
Event: 2957.256 Executing VM operation: ChangeBreakpoints
Event: 2957.256 Executing VM operation: ChangeBreakpoints done
Event: 2957.260 Executing VM operation: ChangeBreakpoints
Event: 2957.260 Executing VM operation: ChangeBreakpoints done
Event: 2957.264 Executing VM operation: RedefineClasses
Event: 2957.264 Executing VM operation: RedefineClasses done
Event: 2957.283 Executing VM operation: ChangeBreakpoints
Event: 2957.283 Executing VM operation: ChangeBreakpoints done
Event: 2957.288 Executing VM operation: ChangeBreakpoints
Event: 2957.288 Executing VM operation: ChangeBreakpoints done


Dynamic libraries:
0x0000000004c2f000 	/System/Library/Frameworks/Cocoa.framework/Versions/A/Cocoa
0x0000000004c2f000 	/System/Library/Frameworks/Security.framework/Versions/A/Security
0x0000000004c2f000 	/System/Library/Frameworks/ApplicationServices.framework/Versions/A/ApplicationServices
0x0000000004c2f000 	/usr/lib/libz.1.dylib
0x0000000004c2f000 	/usr/lib/libSystem.B.dylib
0x0000000004c2f000 	/usr/lib/libobjc.A.dylib
0x0000000004c2f000 	/System/Library/Frameworks/CoreFoundation.framework/Versions/A/CoreFoundation
0x0000000004c2f000 	/System/Library/Frameworks/Foundation.framework/Versions/C/Foundation
0x0000000004c2f000 	/System/Library/Frameworks/AppKit.framework/Versions/C/AppKit
0x0000000004c2f000 	/System/Library/Frameworks/CoreData.framework/Versions/A/CoreData
0x0000000004c2f000 	/System/Library/PrivateFrameworks/RemoteViewServices.framework/Versions/A/RemoteViewServices
0x0000000004c2f000 	/System/Library/PrivateFrameworks/UIFoundation.framework/Versions/A/UIFoundation
0x0000000004c2f000 	/System/Library/PrivateFrameworks/DFRFoundation.framework/Versions/A/DFRFoundation
0x0000000004c2f000 	/usr/lib/libenergytrace.dylib
0x0000000004c2f000 	/System/Library/PrivateFrameworks/SkyLight.framework/Versions/A/SkyLight
0x0000000004c2f000 	/System/Library/Frameworks/CoreGraphics.framework/Versions/A/CoreGraphics
0x0000000004c2f000 	/usr/lib/libScreenReader.dylib
0x0000000004c2f000 	/System/Library/Frameworks/Accelerate.framework/Versions/A/Accelerate
0x0000000004c2f000 	/System/Library/Frameworks/IOSurface.framework/Versions/A/IOSurface
0x0000000004c2f000 	/System/Library/Frameworks/AudioToolbox.framework/Versions/A/AudioToolbox
0x0000000004c2f000 	/System/Library/Frameworks/AudioUnit.framework/Versions/A/AudioUnit
0x0000000004c2f000 	/System/Library/PrivateFrameworks/DataDetectorsCore.framework/Versions/A/DataDetectorsCore
0x0000000004c2f000 	/System/Library/PrivateFrameworks/DesktopServicesPriv.framework/Versions/A/DesktopServicesPriv
0x0000000004c2f000 	/System/Library/Frameworks/Carbon.framework/Versions/A/Frameworks/HIToolbox.framework/Versions/A/HIToolbox
0x0000000004c2f000 	/usr/lib/libicucore.A.dylib
0x0000000004c2f000 	/System/Library/Frameworks/QuartzCore.framework/Versions/A/QuartzCore
0x0000000004c2f000 	/System/Library/Frameworks/Carbon.framework/Versions/A/Frameworks/SpeechRecognition.framework/Versions/A/SpeechRecognition
0x0000000004c2f000 	/usr/lib/libauto.dylib
0x0000000004c2f000 	/usr/lib/libxml2.2.dylib
0x0000000004c2f000 	/System/Library/PrivateFrameworks/CoreUI.framework/Versions/A/CoreUI
0x0000000004c2f000 	/System/Library/Frameworks/CoreAudio.framework/Versions/A/CoreAudio
0x0000000004c2f000 	/System/Library/Frameworks/DiskArbitration.framework/Versions/A/DiskArbitration
0x0000000004c2f000 	/usr/lib/liblangid.dylib
0x0000000004c2f000 	/System/Library/PrivateFrameworks/MultitouchSupport.framework/Versions/A/MultitouchSupport
0x0000000004c2f000 	/System/Library/Frameworks/IOKit.framework/Versions/A/IOKit
0x0000000004c2f000 	/usr/lib/libDiagnosticMessagesClient.dylib
0x0000000004c2f000 	/System/Library/Frameworks/CoreServices.framework/Versions/A/CoreServices
0x0000000004c2f000 	/System/Library/PrivateFrameworks/PerformanceAnalysis.framework/Versions/A/PerformanceAnalysis
0x0000000004c2f000 	/System/Library/PrivateFrameworks/GenerationalStorage.framework/Versions/A/GenerationalStorage
0x0000000004c2f000 	/System/Library/Frameworks/OpenGL.framework/Versions/A/OpenGL
0x0000000004c2f000 	/System/Library/Frameworks/CoreImage.framework/Versions/A/CoreImage
0x0000000004c2f000 	/System/Library/Frameworks/CoreText.framework/Versions/A/CoreText
0x0000000004c2f000 	/System/Library/Frameworks/ImageIO.framework/Versions/A/ImageIO
0x0000000004c2f000 	/System/Library/PrivateFrameworks/Backup.framework/Versions/A/Backup
0x0000000004c2f000 	/usr/lib/libarchive.2.dylib
0x0000000004c2f000 	/System/Library/Frameworks/CFNetwork.framework/Versions/A/CFNetwork
0x0000000004c2f000 	/System/Library/Frameworks/SystemConfiguration.framework/Versions/A/SystemConfiguration
0x0000000004c2f000 	/usr/lib/libCRFSuite.dylib
0x0000000004c2f000 	/usr/lib/libc++.1.dylib
0x0000000004c2f000 	/usr/lib/libc++abi.dylib
0x0000000004c2f000 	/usr/lib/system/libcache.dylib
0x0000000004c2f000 	/usr/lib/system/libcommonCrypto.dylib
0x0000000004c2f000 	/usr/lib/system/libcompiler_rt.dylib
0x0000000004c2f000 	/usr/lib/system/libcopyfile.dylib
0x0000000004c2f000 	/usr/lib/system/libcorecrypto.dylib
0x0000000004c2f000 	/usr/lib/system/libdispatch.dylib
0x0000000004c2f000 	/usr/lib/system/libdyld.dylib
0x0000000004c2f000 	/usr/lib/system/libkeymgr.dylib
0x0000000004c2f000 	/usr/lib/system/liblaunch.dylib
0x0000000004c2f000 	/usr/lib/system/libmacho.dylib
0x0000000004c2f000 	/usr/lib/system/libquarantine.dylib
0x0000000004c2f000 	/usr/lib/system/libremovefile.dylib
0x0000000004c2f000 	/usr/lib/system/libsystem_asl.dylib
0x0000000004c2f000 	/usr/lib/system/libsystem_blocks.dylib
0x0000000004c2f000 	/usr/lib/system/libsystem_c.dylib
0x0000000004c2f000 	/usr/lib/system/libsystem_configuration.dylib
0x0000000004c2f000 	/usr/lib/system/libsystem_coreservices.dylib
0x0000000004c2f000 	/usr/lib/system/libsystem_coretls.dylib
0x0000000004c2f000 	/usr/lib/system/libsystem_dnssd.dylib
0x0000000004c2f000 	/usr/lib/system/libsystem_info.dylib
0x0000000004c2f000 	/usr/lib/system/libsystem_kernel.dylib
0x0000000004c2f000 	/usr/lib/system/libsystem_m.dylib
0x0000000004c2f000 	/usr/lib/system/libsystem_malloc.dylib
0x0000000004c2f000 	/usr/lib/system/libsystem_network.dylib
0x0000000004c2f000 	/usr/lib/system/libsystem_networkextension.dylib
0x0000000004c2f000 	/usr/lib/system/libsystem_notify.dylib
0x0000000004c2f000 	/usr/lib/system/libsystem_platform.dylib
0x0000000004c2f000 	/usr/lib/system/libsystem_pthread.dylib
0x0000000004c2f000 	/usr/lib/system/libsystem_sandbox.dylib
0x0000000004c2f000 	/usr/lib/system/libsystem_secinit.dylib
0x0000000004c2f000 	/usr/lib/system/libsystem_symptoms.dylib
0x0000000004c2f000 	/usr/lib/system/libsystem_trace.dylib
0x0000000004c2f000 	/usr/lib/system/libunwind.dylib
0x0000000004c2f000 	/usr/lib/system/libxpc.dylib
0x0000000004c2f000 	/usr/lib/libbsm.0.dylib
0x0000000004c2f000 	/usr/lib/system/libkxld.dylib
0x0000000004c2f000 	/usr/lib/libcoretls.dylib
0x0000000004c2f000 	/usr/lib/libcoretls_cfhelpers.dylib
0x0000000004c2f000 	/usr/lib/libOpenScriptingUtil.dylib
0x0000000004c2f000 	/usr/lib/libpam.2.dylib
0x0000000004c2f000 	/usr/lib/libsqlite3.dylib
0x0000000004c2f000 	/usr/lib/libxar.1.dylib
0x0000000004c2f000 	/usr/lib/libbz2.1.0.dylib
0x0000000004c2f000 	/usr/lib/liblzma.5.dylib
0x0000000004c2f000 	/usr/lib/libnetwork.dylib
0x0000000004c2f000 	/usr/lib/libpcap.A.dylib
0x0000000004c2f000 	/System/Library/Frameworks/CoreServices.framework/Versions/A/Frameworks/FSEvents.framework/Versions/A/FSEvents
0x0000000004c2f000 	/System/Library/Frameworks/CoreServices.framework/Versions/A/Frameworks/CarbonCore.framework/Versions/A/CarbonCore
0x0000000004c2f000 	/System/Library/Frameworks/CoreServices.framework/Versions/A/Frameworks/Metadata.framework/Versions/A/Metadata
0x0000000004c2f000 	/System/Library/Frameworks/CoreServices.framework/Versions/A/Frameworks/OSServices.framework/Versions/A/OSServices
0x0000000004c2f000 	/System/Library/Frameworks/CoreServices.framework/Versions/A/Frameworks/SearchKit.framework/Versions/A/SearchKit
0x0000000004c2f000 	/System/Library/Frameworks/CoreServices.framework/Versions/A/Frameworks/AE.framework/Versions/A/AE
0x0000000004c2f000 	/System/Library/Frameworks/CoreServices.framework/Versions/A/Frameworks/LaunchServices.framework/Versions/A/LaunchServices
0x0000000004c2f000 	/System/Library/Frameworks/CoreServices.framework/Versions/A/Frameworks/DictionaryServices.framework/Versions/A/DictionaryServices
0x0000000004c2f000 	/System/Library/Frameworks/CoreServices.framework/Versions/A/Frameworks/SharedFileList.framework/Versions/A/SharedFileList
0x0000000004c2f000 	/System/Library/Frameworks/NetFS.framework/Versions/A/NetFS
0x0000000004c2f000 	/System/Library/PrivateFrameworks/NetAuth.framework/Versions/A/NetAuth
0x0000000004c2f000 	/System/Library/PrivateFrameworks/login.framework/Versions/A/Frameworks/loginsupport.framework/Versions/A/loginsupport
0x0000000004c2f000 	/System/Library/PrivateFrameworks/TCC.framework/Versions/A/TCC
0x0000000004c2f000 	/usr/lib/libmecabra.dylib
0x0000000004c2f000 	/System/Library/Frameworks/ApplicationServices.framework/Versions/A/Frameworks/ATS.framework/Versions/A/ATS
0x0000000004c2f000 	/System/Library/Frameworks/ApplicationServices.framework/Versions/A/Frameworks/ColorSync.framework/Versions/A/ColorSync
0x0000000004c2f000 	/System/Library/Frameworks/ApplicationServices.framework/Versions/A/Frameworks/HIServices.framework/Versions/A/HIServices
0x0000000004c2f000 	/System/Library/Frameworks/ApplicationServices.framework/Versions/A/Frameworks/LangAnalysis.framework/Versions/A/LangAnalysis
0x0000000004c2f000 	/System/Library/Frameworks/ApplicationServices.framework/Versions/A/Frameworks/PrintCore.framework/Versions/A/PrintCore
0x0000000004c2f000 	/System/Library/Frameworks/ApplicationServices.framework/Versions/A/Frameworks/QD.framework/Versions/A/QD
0x0000000004c2f000 	/System/Library/Frameworks/ApplicationServices.framework/Versions/A/Frameworks/SpeechSynthesis.framework/Versions/A/SpeechSynthesis
0x0000000004c2f000 	/System/Library/Frameworks/Accelerate.framework/Versions/A/Frameworks/vImage.framework/Versions/A/vImage
0x0000000004c2f000 	/System/Library/Frameworks/Accelerate.framework/Versions/A/Frameworks/vecLib.framework/Versions/A/vecLib
0x0000000004c2f000 	/System/Library/Frameworks/Accelerate.framework/Versions/A/Frameworks/vecLib.framework/Versions/A/libvDSP.dylib
0x0000000004c2f000 	/System/Library/Frameworks/Accelerate.framework/Versions/A/Frameworks/vecLib.framework/Versions/A/libBNNS.dylib
0x0000000004c2f000 	/System/Library/Frameworks/Accelerate.framework/Versions/A/Frameworks/vecLib.framework/Versions/A/libQuadrature.dylib
0x0000000004c2f000 	/System/Library/Frameworks/Accelerate.framework/Versions/A/Frameworks/vecLib.framework/Versions/A/libvMisc.dylib
0x0000000004c2f000 	/System/Library/Frameworks/Accelerate.framework/Versions/A/Frameworks/vecLib.framework/Versions/A/libLAPACK.dylib
0x0000000004c2f000 	/System/Library/Frameworks/Accelerate.framework/Versions/A/Frameworks/vecLib.framework/Versions/A/libBLAS.dylib
0x0000000004c2f000 	/System/Library/Frameworks/Accelerate.framework/Versions/A/Frameworks/vecLib.framework/Versions/A/libLinearAlgebra.dylib
0x0000000004c2f000 	/System/Library/Frameworks/Accelerate.framework/Versions/A/Frameworks/vecLib.framework/Versions/A/libSparseBLAS.dylib
0x0000000004c2f000 	/System/Library/Frameworks/ApplicationServices.framework/Versions/A/Frameworks/ATS.framework/Versions/A/Resources/libFontParser.dylib
0x0000000004c2f000 	/System/Library/Frameworks/ApplicationServices.framework/Versions/A/Frameworks/ATS.framework/Versions/A/Resources/libFontRegistry.dylib
0x0000000004c2f000 	/System/Library/Frameworks/ImageIO.framework/Versions/A/Resources/libJPEG.dylib
0x0000000004c2f000 	/System/Library/Frameworks/ImageIO.framework/Versions/A/Resources/libTIFF.dylib
0x0000000004c2f000 	/System/Library/Frameworks/ImageIO.framework/Versions/A/Resources/libPng.dylib
0x0000000004c2f000 	/System/Library/Frameworks/ImageIO.framework/Versions/A/Resources/libGIF.dylib
0x0000000004c2f000 	/System/Library/Frameworks/ImageIO.framework/Versions/A/Resources/libJP2.dylib
0x0000000004c2f000 	/System/Library/Frameworks/ImageIO.framework/Versions/A/Resources/libRadiance.dylib
0x0000000004c2f000 	/usr/lib/libcompression.dylib
0x0000000004c2f000 	/System/Library/PrivateFrameworks/AppleJPEG.framework/Versions/A/AppleJPEG
0x0000000004c2f000 	/usr/lib/libcups.2.dylib
0x0000000004c2f000 	/System/Library/Frameworks/Kerberos.framework/Versions/A/Kerberos
0x0000000004c2f000 	/System/Library/Frameworks/GSS.framework/Versions/A/GSS
0x0000000004c2f000 	/usr/lib/libresolv.9.dylib
0x0000000004c2f000 	/usr/lib/libiconv.2.dylib
0x0000000004c2f000 	/System/Library/PrivateFrameworks/Heimdal.framework/Versions/A/Heimdal
0x0000000004c2f000 	/usr/lib/libheimdal-asn1.dylib
0x0000000004c2f000 	/System/Library/Frameworks/OpenDirectory.framework/Versions/A/OpenDirectory
0x0000000004c2f000 	/System/Library/PrivateFrameworks/CommonAuth.framework/Versions/A/CommonAuth
0x0000000004c2f000 	/System/Library/Frameworks/OpenDirectory.framework/Versions/A/Frameworks/CFOpenDirectory.framework/Versions/A/CFOpenDirectory
0x0000000004c2f000 	/System/Library/Frameworks/SecurityFoundation.framework/Versions/A/SecurityFoundation
0x0000000004c2f000 	/System/Library/PrivateFrameworks/LanguageModeling.framework/Versions/A/LanguageModeling
0x0000000004c2f000 	/usr/lib/libmarisa.dylib
0x0000000004c2f000 	/usr/lib/libChineseTokenizer.dylib
0x0000000004c2f000 	/usr/lib/libcmph.dylib
0x0000000004c2f000 	/System/Library/PrivateFrameworks/CoreEmoji.framework/Versions/A/CoreEmoji
0x0000000004c2f000 	/System/Library/Frameworks/ServiceManagement.framework/Versions/A/ServiceManagement
0x0000000004c2f000 	/usr/lib/libxslt.1.dylib
0x0000000004c2f000 	/System/Library/Frameworks/Carbon.framework/Versions/A/Frameworks/Ink.framework/Versions/A/Ink
0x0000000004c2f000 	/System/Library/PrivateFrameworks/TextureIO.framework/Versions/A/TextureIO
0x0000000004c2f000 	/System/Library/Frameworks/Metal.framework/Versions/A/Metal
0x0000000004c2f000 	/usr/lib/libate.dylib
0x0000000004c2f000 	/System/Library/PrivateFrameworks/GPUCompiler.framework/libmetal_timestamp.dylib
0x0000000004c2f000 	/System/Library/Frameworks/OpenGL.framework/Versions/A/Libraries/libCoreFSCache.dylib
0x0000000004c2f000 	/System/Library/PrivateFrameworks/IOAccelerator.framework/Versions/A/IOAccelerator
0x0000000004c2f000 	/System/Library/Frameworks/CoreVideo.framework/Versions/A/CoreVideo
0x0000000004c2f000 	/usr/lib/libFosl_dynamic.dylib
0x0000000004c2f000 	/System/Library/PrivateFrameworks/MetalPerformanceShaders.framework/Versions/A/MetalPerformanceShaders
0x0000000004c2f000 	/System/Library/PrivateFrameworks/FaceCore.framework/Versions/A/FaceCore
0x0000000004c2f000 	/System/Library/Frameworks/OpenCL.framework/Versions/A/OpenCL
0x0000000004c2f000 	/System/Library/Frameworks/OpenGL.framework/Versions/A/Libraries/libGLU.dylib
0x0000000004c2f000 	/System/Library/Frameworks/OpenGL.framework/Versions/A/Libraries/libGFXShared.dylib
0x0000000004c2f000 	/System/Library/Frameworks/OpenGL.framework/Versions/A/Libraries/libGL.dylib
0x0000000004c2f000 	/System/Library/Frameworks/OpenGL.framework/Versions/A/Libraries/libGLImage.dylib
0x0000000004c2f000 	/System/Library/Frameworks/OpenGL.framework/Versions/A/Libraries/libCVMSPluginSupport.dylib
0x0000000004c2f000 	/System/Library/Frameworks/OpenGL.framework/Versions/A/Libraries/libCoreVMClient.dylib
0x0000000004c2f000 	/System/Library/PrivateFrameworks/CrashReporterSupport.framework/Versions/A/CrashReporterSupport
0x0000000004c2f000 	/System/Library/PrivateFrameworks/Sharing.framework/Versions/A/Sharing
0x0000000004c2f000 	/System/Library/PrivateFrameworks/IconServices.framework/Versions/A/IconServices
0x0000000004c2f000 	/System/Library/PrivateFrameworks/ProtocolBuffer.framework/Versions/A/ProtocolBuffer
0x0000000004c2f000 	/System/Library/PrivateFrameworks/Apple80211.framework/Versions/A/Apple80211
0x0000000004c2f000 	/System/Library/Frameworks/CoreWLAN.framework/Versions/A/CoreWLAN
0x0000000004c2f000 	/System/Library/PrivateFrameworks/CoreUtils.framework/Versions/A/CoreUtils
0x0000000004c2f000 	/System/Library/Frameworks/IOBluetooth.framework/Versions/A/IOBluetooth
0x0000000004c2f000 	/System/Library/PrivateFrameworks/CoreWiFi.framework/Versions/A/CoreWiFi
0x0000000004c2f000 	/System/Library/Frameworks/CoreBluetooth.framework/Versions/A/CoreBluetooth
0x0000000004c2f000 	/System/Library/Frameworks/CoreDisplay.framework/Versions/A/CoreDisplay
0x0000000004c2f000 	/System/Library/PrivateFrameworks/IOPresentment.framework/Versions/A/IOPresentment
0x0000000004c2f000 	/System/Library/PrivateFrameworks/DSExternalDisplay.framework/Versions/A/DSExternalDisplay
0x0000000004c2f000 	/System/Library/PrivateFrameworks/DebugSymbols.framework/Versions/A/DebugSymbols
0x0000000004c2f000 	/System/Library/PrivateFrameworks/CoreSymbolication.framework/Versions/A/CoreSymbolication
0x0000000004c2f000 	/System/Library/PrivateFrameworks/Symbolication.framework/Versions/A/Symbolication
0x0000000004c2f000 	/System/Library/PrivateFrameworks/AppleFSCompression.framework/Versions/A/AppleFSCompression
0x0000000004c2f000 	/System/Library/PrivateFrameworks/SpeechRecognitionCore.framework/Versions/A/SpeechRecognitionCore
0x0000000004c2f000 	/System/Library/PrivateFrameworks/ChunkingLibrary.framework/Versions/A/ChunkingLibrary
0x0000000102a00000 	/Library/Java/JavaVirtualMachines/jdk1.7.0_79.jdk/Contents/Home/jre/lib/server/libjvm.dylib
0x0000000004c2f000 	/usr/lib/libstdc++.6.dylib
0x00000001018d3000 	/Library/Java/JavaVirtualMachines/jdk1.7.0_79.jdk/Contents/Home/jre/lib/libverify.dylib
0x00000001018e0000 	/Library/Java/JavaVirtualMachines/jdk1.7.0_79.jdk/Contents/Home/jre/lib/libjava.dylib
0x0000000101911000 	/Library/Java/JavaVirtualMachines/jdk1.7.0_79.jdk/Contents/Home/jre/lib/libjdwp.dylib
0x000000010194e000 	/Library/Java/JavaVirtualMachines/jdk1.7.0_79.jdk/Contents/Home/jre/lib/libnpt.dylib
0x000000010195b000 	/Library/Java/JavaVirtualMachines/jdk1.7.0_79.jdk/Contents/Home/jre/lib/libzip.dylib
0x00000001099e6000 	/System/Library/Frameworks/JavaVM.framework/Frameworks/JavaRuntimeSupport.framework/JavaRuntimeSupport
0x0000000109a00000 	/System/Library/Frameworks/JavaVM.framework/Versions/A/Frameworks/JavaNativeFoundation.framework/Versions/A/JavaNativeFoundation
0x0000000109a15000 	/System/Library/Frameworks/JavaVM.framework/Versions/A/JavaVM
0x0000000004c2f000 	/System/Library/Frameworks/Carbon.framework/Versions/A/Carbon
0x0000000109a22000 	/System/Library/PrivateFrameworks/JavaLaunching.framework/Versions/A/JavaLaunching
0x0000000004c2f000 	/System/Library/Frameworks/Carbon.framework/Versions/A/Frameworks/CommonPanels.framework/Versions/A/CommonPanels
0x0000000004c2f000 	/System/Library/Frameworks/Carbon.framework/Versions/A/Frameworks/Help.framework/Versions/A/Help
0x0000000004c2f000 	/System/Library/Frameworks/Carbon.framework/Versions/A/Frameworks/ImageCapture.framework/Versions/A/ImageCapture
0x0000000004c2f000 	/System/Library/Frameworks/Carbon.framework/Versions/A/Frameworks/OpenScripting.framework/Versions/A/OpenScripting
0x0000000004c2f000 	/System/Library/Frameworks/Carbon.framework/Versions/A/Frameworks/Print.framework/Versions/A/Print
0x0000000004c2f000 	/System/Library/Frameworks/Carbon.framework/Versions/A/Frameworks/SecurityHI.framework/Versions/A/SecurityHI
0x000000010b32f000 	/Library/Java/JavaVirtualMachines/jdk1.7.0_79.jdk/Contents/Home/jre/lib/libdt_socket.dylib

VM Arguments:
jvm_args: -agentlib:jdwp=transport=dt_socket,address=127.0.0.1:57363,suspend=y,server=n -Dfile.encoding=UTF-8 
java_command: Main
Launcher Type: SUN_STANDARD

Environment Variables:
PATH=/Users/amritachowdhury/Documents/google-cloud-sdk/bin:/usr/local/sbin:/usr/local/bin:/usr/bin:/bin:/usr/sbin:/sbin:/Users/amritachowdhury/.gem/ruby/2.0.0/bin
SHELL=/bin/bash

Signal Handlers:
SIGSEGV: [libjvm.dylib+0x52daf1], sa_mask[0]=0xfffefeff, sa_flags=0x00000043
SIGBUS: [libjvm.dylib+0x52daf1], sa_mask[0]=0xfffefeff, sa_flags=0x00000042
SIGFPE: [libjvm.dylib+0x41f34e], sa_mask[0]=0xfffefeff, sa_flags=0x00000042
SIGPIPE: [libjvm.dylib+0x41f34e], sa_mask[0]=0xfffefeff, sa_flags=0x00000042
SIGXFSZ: [libjvm.dylib+0x41f34e], sa_mask[0]=0xfffefeff, sa_flags=0x00000042
SIGILL: [libjvm.dylib+0x41f34e], sa_mask[0]=0xfffefeff, sa_flags=0x00000042
SIGUSR1: SIG_DFL, sa_mask[0]=0x00000000, sa_flags=0x00000000
SIGUSR2: [libjvm.dylib+0x41ee40], sa_mask[0]=0x00000004, sa_flags=0x00000042
SIGHUP: [libjvm.dylib+0x41d0d1], sa_mask[0]=0xfffefeff, sa_flags=0x00000042
SIGINT: [libjvm.dylib+0x41d0d1], sa_mask[0]=0xfffefeff, sa_flags=0x00000042
SIGTERM: [libjvm.dylib+0x41d0d1], sa_mask[0]=0xfffefeff, sa_flags=0x00000042
SIGQUIT: [libjvm.dylib+0x41d0d1], sa_mask[0]=0xfffefeff, sa_flags=0x00000042


---------------  S Y S T E M  ---------------

OS:Bsduname:Darwin 16.6.0 Darwin Kernel Version 16.6.0: Fri Apr 14 16:21:16 PDT 2017; root:xnu-3789.60.24~6/RELEASE_X86_64 x86_64
rlimit: STACK 8192k, CORE 0k, NPROC 709, NOFILE 10240, AS infinity
load average:4.76 4.04 3.86

CPU:total 8 (4 cores per cpu, 2 threads per core) family 6 model 70 stepping 1, cmov, cx8, fxsr, mmx, sse, sse2, sse3, ssse3, sse4.1, sse4.2, popcnt, avx, avx2, aes, erms, ht, tsc, tscinvbit

Memory: 4k page, physical 16777216k(4194304k free)

/proc/meminfo:


vm_info: Java HotSpot(TM) 64-Bit Server VM (24.79-b02) for bsd-amd64 JRE (1.7.0_79-b15), built on Apr 10 2015 11:35:04 by "java_re" with gcc 4.2.1 (Based on Apple Inc. build 5658) (LLVM build 2336.11.00)

time: Tue Jul 18 20:58:11 2017
elapsed time: 9547 seconds

